<?xml version="1.0" encoding="UTF-8"?>
<testng-results ignored="0" total="2" passed="2" failed="0" skipped="0">
  <reporter-output>
  </reporter-output>
  <suite started-at="2022-08-18T18:57:55 IST" name="Default suite" finished-at="2022-08-18T18:58:14 IST" duration-ms="18692">
    <groups>
    </groups>
    <test started-at="2022-08-18T18:57:55 IST" name="Default test" finished-at="2022-08-18T18:58:14 IST" duration-ms="18692">
      <class name="com.test.LoginTest">
        <test-method signature="loginTest()[pri:0, instance:com.test.LoginTest@6bd61f98]" started-at="2022-08-18T18:57:55 IST" name="loginTest" finished-at="2022-08-18T18:58:07 IST" duration-ms="12124" status="PASS">
          <reporter-output>
          </reporter-output>
        </test-method> <!-- loginTest -->
        <test-method signature="signUpTest()[pri:0, instance:com.test.LoginTest@6bd61f98]" started-at="2022-08-18T18:58:07 IST" name="signUpTest" finished-at="2022-08-18T18:58:14 IST" duration-ms="6283" status="PASS">
          <reporter-output>
          </reporter-output>
        </test-method> <!-- signUpTest -->
      </class> <!-- com.test.LoginTest -->
    </test> <!-- Default test -->
  </suite> <!-- Default suite -->
</testng-results>
