<?xml version="1.0" encoding="UTF-8"?>
<testng-results ignored="0" total="2" passed="2" failed="0" skipped="0">
  <reporter-output>
  </reporter-output>
  <suite started-at="2022-07-27T11:17:09 IST" name="Suite" finished-at="2022-07-27T11:17:34 IST" duration-ms="24631">
    <groups>
    </groups>
    <test started-at="2022-07-27T11:17:09 IST" name="Test" finished-at="2022-07-27T11:17:34 IST" duration-ms="24631">
      <class name="com.test.LoginTest">
        <test-method signature="loginTest()[pri:0, instance:com.test.LoginTest@13fd2ccd]" started-at="2022-07-27T11:17:09 IST" name="loginTest" finished-at="2022-07-27T11:17:28 IST" duration-ms="18889" status="PASS">
          <reporter-output>
          </reporter-output>
        </test-method> <!-- loginTest -->
        <test-method signature="signUpTest()[pri:0, instance:com.test.LoginTest@13fd2ccd]" started-at="2022-07-27T11:17:28 IST" name="signUpTest" finished-at="2022-07-27T11:17:34 IST" duration-ms="5562" status="PASS">
          <reporter-output>
          </reporter-output>
        </test-method> <!-- signUpTest -->
      </class> <!-- com.test.LoginTest -->
    </test> <!-- Test -->
  </suite> <!-- Suite -->
</testng-results>
